\BOOKMARK [1][-]{section.1}{Introduction}{}% 1
\BOOKMARK [1][-]{section.2}{Theory}{}% 2
\BOOKMARK [2][-]{subsection.2.1}{Piezoelectricity}{section.2}% 3
\BOOKMARK [2][-]{subsection.2.2}{Crystal oscillator}{section.2}% 4
\BOOKMARK [2][-]{subsection.2.3}{Resonance}{section.2}% 5
\BOOKMARK [3][-]{subsubsection.2.3.1}{Q-factor}{subsection.2.3}% 6
\BOOKMARK [2][-]{subsection.2.4}{Non-linear mechanics}{section.2}% 7
\BOOKMARK [2][-]{subsection.2.5}{Solving the Duffing equation}{section.2}% 8
\BOOKMARK [1][-]{section.3}{Method \046 Materials}{}% 9
\BOOKMARK [2][-]{subsection.3.1}{Experimental set-up}{section.3}% 10
\BOOKMARK [3][-]{subsubsection.3.1.1}{Electrical system}{subsection.3.1}% 11
\BOOKMARK [2][-]{subsection.3.2}{Crystal analysis}{section.3}% 12
\BOOKMARK [3][-]{subsubsection.3.2.1}{Measurement}{subsection.3.2}% 13
\BOOKMARK [2][-]{subsection.3.3}{Gas mixture set-up}{section.3}% 14
\BOOKMARK [1][-]{section.4}{Results \046 Discussion}{}% 15
\BOOKMARK [2][-]{subsection.4.1}{Orientation}{section.4}% 16
\BOOKMARK [2][-]{subsection.4.2}{Amplitude-frequency dependent behavior experiment}{section.4}% 17
\BOOKMARK [2][-]{subsection.4.3}{Gas sensing}{section.4}% 18
\BOOKMARK [1][-]{section.5}{Conclusion}{}% 19
\BOOKMARK [1][-]{appendix.A}{Detailed electrical system}{}% 20
\BOOKMARK [1][-]{appendix.B}{Temperature-based quartz crystal relaxation oscillator}{}% 21
